<?xml version="1.0" encoding="UTF-8"?>
<testsuite name="com.hashiconf.waypoint.WaypointApplicationTests" tests="1" skipped="0" failures="0" errors="0" timestamp="2023-10-03T22:26:53" hostname="rosemary-QXGGKL4CJH" time="0.384">
  <properties/>
  <testcase name="contextLoads()" classname="com.hashiconf.waypoint.WaypointApplicationTests" time="0.384"/>
  <system-out><![CDATA[18:26:53.383 [Test worker] INFO org.springframework.test.context.support.AnnotationConfigContextLoaderUtils -- Could not detect default configuration classes for test class [com.hashiconf.waypoint.WaypointApplicationTests]: WaypointApplicationTests does not declare any static, non-private, non-final, nested classes annotated with @Configuration.
18:26:53.416 [Test worker] INFO org.springframework.boot.test.context.SpringBootTestContextBootstrapper -- Found @SpringBootConfiguration com.hashiconf.waypoint.WaypointApplication for test class com.hashiconf.waypoint.WaypointApplicationTests

  .   ____          _            __ _ _
 /\\ / ___'_ __ _ _(_)_ __  __ _ \ \ \ \
( ( )\___ | '_ | '_| | '_ \/ _` | \ \ \ \
 \\/  ___)| |_)| | | | | || (_| |  ) ) ) )
  '  |____| .__|_| |_|_| |_\__, | / / / /
 =========|_|==============|___/=/_/_/_/
 :: Spring Boot ::                (v3.1.4)

2023-10-03T18:26:53.536-04:00  INFO 7974 --- [    Test worker] c.h.waypoint.WaypointApplicationTests    : Starting WaypointApplicationTests using Java 18.0.2 with PID 7974 (started by rosemary in /Users/rosemary/hashicorp/spring-boot-template)
2023-10-03T18:26:53.536-04:00  INFO 7974 --- [    Test worker] c.h.waypoint.WaypointApplicationTests    : No active profile set, falling back to 1 default profile: "default"
2023-10-03T18:26:53.890-04:00  INFO 7974 --- [    Test worker] c.h.waypoint.WaypointApplicationTests    : Started WaypointApplicationTests in 0.425 seconds (process running for 0.812)
]]></system-out>
  <system-err><![CDATA[]]></system-err>
</testsuite>
